features/build/intermediates/manifest_merge_blame_file/debug/processDebugMainManifest/manifest-merger-blame-debug-report.txt
1<?xml version="1.0" encoding="utf-8"?>
2<manifest xmlns:android="http://schemas.android.com/apk/res/android"
3    xmlns:dist="http://schemas.android.com/apk/distribution"
4    package="com.ilyaushenin.features" >
5
6    <uses-sdk
7        android:minSdkVersion="24"
8        android:targetSdkVersion="24" />
9
10    <dist:module
10-->src/main/AndroidManifest.xml:5:5-12:19
11        dist:instant="false"
11-->src/main/AndroidManifest.xml:6:9-29
12        dist:title="@string/title_features" >
12-->src/main/AndroidManifest.xml:7:9-44
13        <dist:delivery>
13-->src/main/AndroidManifest.xml:8:9-10:25
14            <dist:on-demand />
14-->src/main/AndroidManifest.xml:9:13-31
15        </dist:delivery>
16
17        <dist:fusing dist:include="true" />
17-->src/main/AndroidManifest.xml:11:9-44
17-->src/main/AndroidManifest.xml:11:22-41
18    </dist:module>
19
20    <permission
20-->[androidx.core:core:1.15.0] AndroidManifest.xml:22:5-24:47
21        android:name="com.ilyaushenin.features.DYNAMIC_RECEIVER_NOT_EXPORTED_PERMISSION"
21-->[androidx.core:core:1.15.0] AndroidManifest.xml:23:9-81
22        android:protectionLevel="signature" />
22-->[androidx.core:core:1.15.0] AndroidManifest.xml:24:9-44
23
24    <uses-permission android:name="com.ilyaushenin.features.DYNAMIC_RECEIVER_NOT_EXPORTED_PERMISSION" />
24-->[androidx.core:core:1.15.0] AndroidManifest.xml:26:5-97
24-->[androidx.core:core:1.15.0] AndroidManifest.xml:26:22-94
25
26    <application
27        android:appComponentFactory="androidx.core.app.CoreComponentFactory"
27-->[androidx.core:core:1.15.0] AndroidManifest.xml:28:18-86
28        android:debuggable="true"
29        android:extractNativeLibs="false"
30        android:testOnly="true" >
31        <provider
31-->[androidx.emoji2:emoji2:1.4.0] AndroidManifest.xml:24:9-32:20
32            android:name="androidx.startup.InitializationProvider"
32-->[androidx.emoji2:emoji2:1.4.0] AndroidManifest.xml:25:13-67
33            android:authorities="com.ilyaushenin.features.androidx-startup"
33-->[androidx.emoji2:emoji2:1.4.0] AndroidManifest.xml:26:13-68
34            android:exported="false" >
34-->[androidx.emoji2:emoji2:1.4.0] AndroidManifest.xml:27:13-37
35            <meta-data
35-->[androidx.emoji2:emoji2:1.4.0] AndroidManifest.xml:29:13-31:52
36                android:name="androidx.emoji2.text.EmojiCompatInitializer"
36-->[androidx.emoji2:emoji2:1.4.0] AndroidManifest.xml:30:17-75
37                android:value="androidx.startup" />
37-->[androidx.emoji2:emoji2:1.4.0] AndroidManifest.xml:31:17-49
38            <meta-data
38-->[androidx.lifecycle:lifecycle-process:2.8.7] AndroidManifest.xml:29:13-31:52
39                android:name="androidx.lifecycle.ProcessLifecycleInitializer"
39-->[androidx.lifecycle:lifecycle-process:2.8.7] AndroidManifest.xml:30:17-78
40                android:value="androidx.startup" />
40-->[androidx.lifecycle:lifecycle-process:2.8.7] AndroidManifest.xml:31:17-49
41            <meta-data
41-->[androidx.profileinstaller:profileinstaller:1.4.0] AndroidManifest.xml:29:13-31:52
42                android:name="androidx.profileinstaller.ProfileInstallerInitializer"
42-->[androidx.profileinstaller:profileinstaller:1.4.0] AndroidManifest.xml:30:17-85
43                android:value="androidx.startup" />
43-->[androidx.profileinstaller:profileinstaller:1.4.0] AndroidManifest.xml:31:17-49
44        </provider>
45
46        <receiver
46-->[androidx.profileinstaller:profileinstaller:1.4.0] AndroidManifest.xml:34:9-52:20
47            android:name="androidx.profileinstaller.ProfileInstallReceiver"
47-->[androidx.profileinstaller:profileinstaller:1.4.0] AndroidManifest.xml:35:13-76
48            android:directBootAware="false"
48-->[androidx.profileinstaller:profileinstaller:1.4.0] AndroidManifest.xml:36:13-44
49            android:enabled="true"
49-->[androidx.profileinstaller:profileinstaller:1.4.0] AndroidManifest.xml:37:13-35
50            android:exported="true"
50-->[androidx.profileinstaller:profileinstaller:1.4.0] AndroidManifest.xml:38:13-36
51            android:permission="android.permission.DUMP" >
51-->[androidx.profileinstaller:profileinstaller:1.4.0] AndroidManifest.xml:39:13-57
52            <intent-filter>
52-->[androidx.profileinstaller:profileinstaller:1.4.0] AndroidManifest.xml:40:13-42:29
53                <action android:name="androidx.profileinstaller.action.INSTALL_PROFILE" />
53-->[androidx.profileinstaller:profileinstaller:1.4.0] AndroidManifest.xml:41:17-91
53-->[androidx.profileinstaller:profileinstaller:1.4.0] AndroidManifest.xml:41:25-88
54            </intent-filter>
55            <intent-filter>
55-->[androidx.profileinstaller:profileinstaller:1.4.0] AndroidManifest.xml:43:13-45:29
56                <action android:name="androidx.profileinstaller.action.SKIP_FILE" />
56-->[androidx.profileinstaller:profileinstaller:1.4.0] AndroidManifest.xml:44:17-85
56-->[androidx.profileinstaller:profileinstaller:1.4.0] AndroidManifest.xml:44:25-82
57            </intent-filter>
58            <intent-filter>
58-->[androidx.profileinstaller:profileinstaller:1.4.0] AndroidManifest.xml:46:13-48:29
59                <action android:name="androidx.profileinstaller.action.SAVE_PROFILE" />
59-->[androidx.profileinstaller:profileinstaller:1.4.0] AndroidManifest.xml:47:17-88
59-->[androidx.profileinstaller:profileinstaller:1.4.0] AndroidManifest.xml:47:25-85
60            </intent-filter>
61            <intent-filter>
61-->[androidx.profileinstaller:profileinstaller:1.4.0] AndroidManifest.xml:49:13-51:29
62                <action android:name="androidx.profileinstaller.action.BENCHMARK_OPERATION" />
62-->[androidx.profileinstaller:profileinstaller:1.4.0] AndroidManifest.xml:50:17-95
62-->[androidx.profileinstaller:profileinstaller:1.4.0] AndroidManifest.xml:50:25-92
63            </intent-filter>
64        </receiver>
65    </application>
66
67</manifest>